ERROR - 2026-05-13 06:42:18 --> Unable to prepare statement: file is not a database
in SYSTEMPATH/Database/SQLite3/Connection.php on line 164.
 1 SYSTEMPATH/Database/SQLite3/Connection.php(164): SQLite3->query()
 2 SYSTEMPATH/Database/BaseConnection.php(910): CodeIgniter\Database\SQLite3\Connection->execute()
 3 SYSTEMPATH/Database/BaseConnection.php(827): CodeIgniter\Database\BaseConnection->simpleQuery()
 4 SYSTEMPATH/Database/BaseConnection.php(1706): CodeIgniter\Database\BaseConnection->query()
 5 SYSTEMPATH/Commands/Database/ShowTableInfo.php(121): CodeIgniter\Database\BaseConnection->listTables()
 6 SYSTEMPATH/CLI/Commands.php(74): CodeIgniter\Commands\Database\ShowTableInfo->run()
 7 SYSTEMPATH/CLI/Console.php(47): CodeIgniter\CLI\Commands->run()
 8 SYSTEMPATH/Boot.php(442): CodeIgniter\CLI\Console->run()
 9 SYSTEMPATH/Boot.php(166): CodeIgniter\Boot::runCommand()
10 ROOTPATH/spark(87): CodeIgniter\Boot::bootSpark()
CRITICAL - 2026-05-13 06:42:18 --> CodeIgniter\Database\Exceptions\DatabaseException: Unable to prepare statement: file is not a database
[Method: CLI, Route: db:table]
in SYSTEMPATH/Database/BaseConnection.php on line 865.
 1 SYSTEMPATH/Database/BaseConnection.php(1706): CodeIgniter\Database\BaseConnection->query()
 2 SYSTEMPATH/Commands/Database/ShowTableInfo.php(121): CodeIgniter\Database\BaseConnection->listTables()
 3 SYSTEMPATH/CLI/Commands.php(74): CodeIgniter\Commands\Database\ShowTableInfo->run()
 4 SYSTEMPATH/CLI/Console.php(47): CodeIgniter\CLI\Commands->run()
 5 SYSTEMPATH/Boot.php(442): CodeIgniter\CLI\Console->run()
 6 SYSTEMPATH/Boot.php(166): CodeIgniter\Boot::runCommand()
 7 ROOTPATH/spark(87): CodeIgniter\Boot::bootSpark()
CRITICAL - 2026-05-13 06:42:18 --> [Caused by] CodeIgniter\Database\Exceptions\DatabaseException: Unable to prepare statement: file is not a database
in SYSTEMPATH/Database/SQLite3/Connection.php on line 174.
 1 SYSTEMPATH/Database/BaseConnection.php(910): CodeIgniter\Database\SQLite3\Connection->execute()
 2 SYSTEMPATH/Database/BaseConnection.php(827): CodeIgniter\Database\BaseConnection->simpleQuery()
 3 SYSTEMPATH/Database/BaseConnection.php(1706): CodeIgniter\Database\BaseConnection->query()
 4 SYSTEMPATH/Commands/Database/ShowTableInfo.php(121): CodeIgniter\Database\BaseConnection->listTables()
 5 SYSTEMPATH/CLI/Commands.php(74): CodeIgniter\Commands\Database\ShowTableInfo->run()
 6 SYSTEMPATH/CLI/Console.php(47): CodeIgniter\CLI\Commands->run()
 7 SYSTEMPATH/Boot.php(442): CodeIgniter\CLI\Console->run()
 8 SYSTEMPATH/Boot.php(166): CodeIgniter\Boot::runCommand()
 9 ROOTPATH/spark(87): CodeIgniter\Boot::bootSpark()
CRITICAL - 2026-05-13 06:42:18 --> [Caused by] SQLite3Exception: Unable to prepare statement: file is not a database
in SYSTEMPATH/Database/SQLite3/Connection.php on line 164.
 1 SYSTEMPATH/Database/SQLite3/Connection.php(164): SQLite3->query()
 2 SYSTEMPATH/Database/BaseConnection.php(910): CodeIgniter\Database\SQLite3\Connection->execute()
 3 SYSTEMPATH/Database/BaseConnection.php(827): CodeIgniter\Database\BaseConnection->simpleQuery()
 4 SYSTEMPATH/Database/BaseConnection.php(1706): CodeIgniter\Database\BaseConnection->query()
 5 SYSTEMPATH/Commands/Database/ShowTableInfo.php(121): CodeIgniter\Database\BaseConnection->listTables()
 6 SYSTEMPATH/CLI/Commands.php(74): CodeIgniter\Commands\Database\ShowTableInfo->run()
 7 SYSTEMPATH/CLI/Console.php(47): CodeIgniter\CLI\Commands->run()
 8 SYSTEMPATH/Boot.php(442): CodeIgniter\CLI\Console->run()
 9 SYSTEMPATH/Boot.php(166): CodeIgniter\Boot::runCommand()
10 ROOTPATH/spark(87): CodeIgniter\Boot::bootSpark()
